0 info it worked if it ends with ok
1 verbose cli [ '/usr/local/bin/node',
1 verbose cli   '/usr/local/bin/npm',
1 verbose cli   'install',
1 verbose cli   'muse-io' ]
2 info using npm@2.14.4
3 info using node@v4.1.2
4 verbose config Skipping project config: /Users/nikhil/.npmrc. (matches userconfig)
5 verbose install initial load of /Users/nikhil/package.json
6 verbose installManyTop reading scoped package data from /Users/nikhil/node_modules/ajax/package.json
7 verbose installManyTop reading scoped package data from /Users/nikhil/node_modules/chart.js/package.json
8 verbose installManyTop reading scoped package data from /Users/nikhil/node_modules/cowsay/package.json
9 verbose installManyTop reading scoped package data from /Users/nikhil/node_modules/express/package.json
10 verbose installManyTop reading scoped package data from /Users/nikhil/node_modules/jquery/package.json
11 verbose installManyTop reading scoped package data from /Users/nikhil/node_modules/localtunnel/package.json
12 verbose installManyTop reading scoped package data from /Users/nikhil/node_modules/myo/package.json
13 verbose installManyTop reading scoped package data from /Users/nikhil/node_modules/node-muse/package.json
14 verbose installManyTop reading scoped package data from /Users/nikhil/node_modules/osc/package.json
15 verbose installManyTop reading scoped package data from /Users/nikhil/node_modules/robotjs/package.json
16 verbose installManyTop reading scoped package data from /Users/nikhil/node_modules/socket.io/package.json
17 info package.json chart.js@1.0.2 No license field.
18 info package.json cowsay@1.1.1 No license field.
19 info package.json ajax@0.0.4 No license field.
20 info package.json myo@2.1.1 license should be a valid SPDX license expression
21 info package.json node-muse@1.1.0 license should be a valid SPDX license expression
22 info package.json socket.io@1.3.7 No license field.
23 verbose readDependencies loading dependencies from /Users/nikhil/package.json
24 silly cache add args [ 'muse-io', null ]
25 verbose cache add spec muse-io
26 silly cache add parsed spec Result {
26 silly cache add   raw: 'muse-io',
26 silly cache add   scope: null,
26 silly cache add   name: 'muse-io',
26 silly cache add   rawSpec: '',
26 silly cache add   spec: '*',
26 silly cache add   type: 'range' }
27 silly addNamed muse-io@*
28 verbose addNamed "*" is a valid semver range for muse-io
29 silly addNameRange { name: 'muse-io', range: '*', hasData: false }
30 silly mapToRegistry name muse-io
31 silly mapToRegistry using default registry
32 silly mapToRegistry registry https://registry.npmjs.org/
33 silly mapToRegistry uri https://registry.npmjs.org/muse-io
34 verbose addNameRange registry:https://registry.npmjs.org/muse-io not in flight; fetching
35 verbose request uri https://registry.npmjs.org/muse-io
36 verbose request no auth needed
37 info attempt registry request try #1 at 5:50:44 PM
38 verbose request id 6057d0287d6214b2
39 http request GET https://registry.npmjs.org/muse-io
40 http 404 https://registry.npmjs.org/muse-io
41 verbose headers { 'content-type': 'application/json',
41 verbose headers   'cache-control': 'max-age=0',
41 verbose headers   'content-length': '2',
41 verbose headers   'accept-ranges': 'bytes',
41 verbose headers   date: 'Sat, 12 Mar 2016 22:50:44 GMT',
41 verbose headers   via: '1.1 varnish',
41 verbose headers   age: '0',
41 verbose headers   connection: 'keep-alive',
41 verbose headers   'x-served-by': 'cache-jfk1041-JFK',
41 verbose headers   'x-cache': 'MISS',
41 verbose headers   'x-cache-hits': '0',
41 verbose headers   'x-timer': 'S1457823044.874023,VS0,VE89' }
42 silly get cb [ 404,
42 silly get   { 'content-type': 'application/json',
42 silly get     'cache-control': 'max-age=0',
42 silly get     'content-length': '2',
42 silly get     'accept-ranges': 'bytes',
42 silly get     date: 'Sat, 12 Mar 2016 22:50:44 GMT',
42 silly get     via: '1.1 varnish',
42 silly get     age: '0',
42 silly get     connection: 'keep-alive',
42 silly get     'x-served-by': 'cache-jfk1041-JFK',
42 silly get     'x-cache': 'MISS',
42 silly get     'x-cache-hits': '0',
42 silly get     'x-timer': 'S1457823044.874023,VS0,VE89' } ]
43 verbose stack Error: Registry returned 404 for GET on https://registry.npmjs.org/muse-io
43 verbose stack     at makeError (/usr/local/lib/node_modules/npm/node_modules/npm-registry-client/lib/request.js:263:12)
43 verbose stack     at CachingRegistryClient.<anonymous> (/usr/local/lib/node_modules/npm/node_modules/npm-registry-client/lib/request.js:241:14)
43 verbose stack     at Request._callback (/usr/local/lib/node_modules/npm/node_modules/npm-registry-client/lib/request.js:171:14)
43 verbose stack     at Request.self.callback (/usr/local/lib/node_modules/npm/node_modules/request/request.js:198:22)
43 verbose stack     at emitTwo (events.js:87:13)
43 verbose stack     at Request.emit (events.js:172:7)
43 verbose stack     at Request.<anonymous> (/usr/local/lib/node_modules/npm/node_modules/request/request.js:1073:14)
43 verbose stack     at emitOne (events.js:82:20)
43 verbose stack     at Request.emit (events.js:169:7)
43 verbose stack     at IncomingMessage.<anonymous> (/usr/local/lib/node_modules/npm/node_modules/request/request.js:1019:12)
44 verbose statusCode 404
45 verbose pkgid muse-io
46 verbose cwd /Users/nikhil/development/Drivr
47 error Darwin 15.0.0
48 error argv "/usr/local/bin/node" "/usr/local/bin/npm" "install" "muse-io"
49 error node v4.1.2
50 error npm  v2.14.4
51 error code E404
52 error 404 Registry returned 404 for GET on https://registry.npmjs.org/muse-io
52 error 404
52 error 404 'muse-io' is not in the npm registry.
52 error 404 You should bug the author to publish it (or use the name yourself!)
52 error 404
52 error 404 Note that you can also install from a
52 error 404 tarball, folder, http url, or git url.
53 verbose exit [ 1, true ]
